20230718 11:01:01,App1,INFO,Started Application
20230718 11:02:12,App2,ERROR,Database connection failed
20230718 11:04:32,App3,WARNING,Memory usage high
20230718 11:05:44,App1,INFO,Processed request
20230718 11:06:55,App2,INFO,Processed request
20230718 11:07:06,App1,ERROR,Failed to process request
20230718 11:07:25,App4,INFO,Processed request
20230718 11:08:32,App3,INFO,Processed request
20230718 11:09:45,App2,ERROR,Failed to process request
20230718 11:10:12,App1,INFO,Processed request
20230718 11:11:22,App4,WARNING,Memory usage high
20230718 11:12:33,App3,INFO,Processed request
20230718 11:13:44,App2,INFO,Processed request
20230718 11:14:55,App1,ERROR,Database connection failed
20230718 11:15:06,App3,INFO,Started Application
20230718 11:16:12,App4,ERROR,Database connection failed
20230718 11:17:32,App1,WARNING,Memory usage high
20230718 11:18:44,App2,INFO,Processed request
20230718 11:19:55,App3,INFO,Processed request
20230718 11:20:06,App4,ERROR,Failed to process request
20230718 11:21:25,App1,INFO,Processed request
20230718 11:22:32,App2,INFO,Processed request
20230718 11:23:45,App3,ERROR,Failed to process request
20230718 11:24:12,App4,INFO,Processed request
20230718 11:25:22,App1,WARNING,Memory usage high
20230718 11:26:33,App2,INFO,Processed request
20230718 11:27:44,App3,INFO,Processed request
20230718 11:28:55,App4,ERROR,Database connection failed
20230718 11:29:06,App1,INFO,Started Application
20230718 11:30:12,App2,ERROR,Database connection failed
20230718 11:31:32,App3,WARNING,Memory usage high
20230718 11:32:44,App4,INFO,Processed request
20230718 11:33:55,App1,INFO,Processed request
20230718 11:34:06,App2,ERROR,Failed to process request
